<?xml version="1.0" encoding="UTF-8"?>
<coverage generated="1613568403608" clover="3.2.0">
  <project timestamp="1613568403608" name="All files">
    <metrics statements="29" coveredstatements="26" conditionals="5" coveredconditionals="5" methods="18" coveredmethods="15" elements="52" coveredelements="46" complexity="0" loc="29" ncloc="29" packages="4" files="5" classes="5"/>
    <package name="src.components">
      <metrics statements="9" coveredstatements="9" conditionals="0" coveredconditionals="0" methods="5" coveredmethods="5"/>
      <file name="TDFooter.vue" path="/Users/nikitahlinsky/Desktop/my_projects/todo_list/todo-app/src/components/TDFooter.vue">
        <metrics statements="5" coveredstatements="5" conditionals="0" coveredconditionals="0" methods="3" coveredmethods="3"/>
        <line num="23" count="2" type="stmt"/>
        <line num="24" count="2" type="stmt"/>
        <line num="29" count="5" type="stmt"/>
        <line num="43" count="5" type="stmt"/>
        <line num="46" count="1" type="stmt"/>
      </file>
      <file name="TDInput.vue" path="/Users/nikitahlinsky/Desktop/my_projects/todo_list/todo-app/src/components/TDInput.vue">
        <metrics statements="4" coveredstatements="4" conditionals="0" coveredconditionals="0" methods="2" coveredmethods="2"/>
        <line num="11" count="2" type="stmt"/>
        <line num="16" count="5" type="stmt"/>
        <line num="23" count="1" type="stmt"/>
        <line num="24" count="1" type="stmt"/>
      </file>
    </package>
    <package name="src.store">
      <metrics statements="12" coveredstatements="12" conditionals="5" coveredconditionals="5" methods="9" coveredmethods="9"/>
      <file name="index.js" path="/Users/nikitahlinsky/Desktop/my_projects/todo_list/todo-app/src/store/index.js">
        <metrics statements="12" coveredstatements="12" conditionals="5" coveredconditionals="5" methods="9" coveredmethods="9"/>
        <line num="4" count="1" type="stmt"/>
        <line num="13" count="3" type="cond" truecount="3" falsecount="0"/>
        <line num="15" count="1" type="stmt"/>
        <line num="17" count="1" type="stmt"/>
        <line num="19" count="1" type="stmt"/>
        <line num="25" count="1" type="cond" truecount="2" falsecount="0"/>
        <line num="28" count="1" type="stmt"/>
        <line num="32" count="1" type="stmt"/>
        <line num="35" count="1" type="stmt"/>
        <line num="38" count="1" type="stmt"/>
        <line num="39" count="1" type="stmt"/>
        <line num="44" count="1" type="stmt"/>
      </file>
    </package>
    <package name="src.views">
      <metrics statements="8" coveredstatements="5" conditionals="0" coveredconditionals="0" methods="4" coveredmethods="1"/>
      <file name="Home.vue" path="/Users/nikitahlinsky/Desktop/my_projects/todo_list/todo-app/src/views/Home.vue">
        <metrics statements="8" coveredstatements="5" conditionals="0" coveredconditionals="0" methods="4" coveredmethods="1"/>
        <line num="19" count="1" type="stmt"/>
        <line num="20" count="1" type="stmt"/>
        <line num="21" count="1" type="stmt"/>
        <line num="22" count="1" type="stmt"/>
        <line num="35" count="0" type="stmt"/>
        <line num="38" count="0" type="stmt"/>
        <line num="41" count="1" type="stmt"/>
        <line num="47" count="0" type="stmt"/>
      </file>
    </package>
    <package name="tests.unit.Store">
      <metrics statements="0" coveredstatements="0" conditionals="0" coveredconditionals="0" methods="0" coveredmethods="0"/>
      <file name="store-config.js" path="/Users/nikitahlinsky/Desktop/my_projects/todo_list/todo-app/tests/unit/Store/store-config.js">
        <metrics statements="0" coveredstatements="0" conditionals="0" coveredconditionals="0" methods="0" coveredmethods="0"/>
      </file>
    </package>
  </project>
</coverage>
