{"/Users/nikitahlinsky/Desktop/my_projects/todo_list/todo-app/src/components/TDFooter.vue": {"path":"/Users/nikitahlinsky/Desktop/my_projects/todo_list/todo-app/src/components/TDFooter.vue","statementMap":{"0":{"start":{"line":23,"column":0},"end":{"line":23,"column":null}},"1":{"start":{"line":24,"column":0},"end":{"line":24,"column":null}},"2":{"start":{"line":29,"column":0},"end":{"line":29,"column":null}},"3":{"start":{"line":43,"column":0},"end":{"line":43,"column":null}},"4":{"start":{"line":46,"column":0},"end":{"line":46,"column":null}}},"fnMap":{"0":{"name":"(anonymous_1)","decl":{"start":{"line":28,"column":0},"end":{"line":28,"column":null}},"loc":{"start":{"line":28,"column":0},"end":{"line":32,"column":null}}},"1":{"name":"(anonymous_2)","decl":{"start":{"line":42,"column":0},"end":{"line":42,"column":null}},"loc":{"start":{"line":42,"column":0},"end":{"line":44,"column":null}}},"2":{"name":"(anonymous_3)","decl":{"start":{"line":45,"column":0},"end":{"line":45,"column":null}},"loc":{"start":{"line":45,"column":0},"end":{"line":47,"column":null}}}},"branchMap":{},"s":{"0":2,"1":2,"2":5,"3":5,"4":1},"f":{"0":5,"1":5,"2":1},"b":{}}
,"/Users/nikitahlinsky/Desktop/my_projects/todo_list/todo-app/src/components/TDInput.vue": {"path":"/Users/nikitahlinsky/Desktop/my_projects/todo_list/todo-app/src/components/TDInput.vue","statementMap":{"0":{"start":{"line":11,"column":0},"end":{"line":11,"column":null}},"1":{"start":{"line":16,"column":0},"end":{"line":16,"column":null}},"2":{"start":{"line":23,"column":0},"end":{"line":23,"column":null}},"3":{"start":{"line":24,"column":0},"end":{"line":24,"column":null}}},"fnMap":{"0":{"name":"(anonymous_1)","decl":{"start":{"line":15,"column":0},"end":{"line":15,"column":null}},"loc":{"start":{"line":15,"column":0},"end":{"line":19,"column":null}}},"1":{"name":"(anonymous_2)","decl":{"start":{"line":22,"column":0},"end":{"line":22,"column":null}},"loc":{"start":{"line":22,"column":0},"end":{"line":25,"column":null}}}},"branchMap":{},"s":{"0":2,"1":5,"2":1,"3":1},"f":{"0":5,"1":1},"b":{}}
,"/Users/nikitahlinsky/Desktop/my_projects/todo_list/todo-app/src/store/index.js": {"data":{"path":"/Users/nikitahlinsky/Desktop/my_projects/todo_list/todo-app/src/store/index.js","statementMap":{"0":{"start":{"line":4,"column":0},"end":{"line":4,"column":14}},"1":{"start":{"line":13,"column":6},"end":{"line":20,"column":7}},"2":{"start":{"line":15,"column":10},"end":{"line":15,"column":61}},"3":{"start":{"line":15,"column":44},"end":{"line":15,"column":60}},"4":{"start":{"line":17,"column":10},"end":{"line":17,"column":60}},"5":{"start":{"line":17,"column":44},"end":{"line":17,"column":59}},"6":{"start":{"line":19,"column":10},"end":{"line":19,"column":28}},"7":{"start":{"line":25,"column":6},"end":{"line":25,"column":68}},"8":{"start":{"line":28,"column":6},"end":{"line":31,"column":8}},"9":{"start":{"line":32,"column":6},"end":{"line":32,"column":64}},"10":{"start":{"line":35,"column":6},"end":{"line":35,"column":27}},"11":{"start":{"line":38,"column":6},"end":{"line":38,"column":64}},"12":{"start":{"line":38,"column":47},"end":{"line":38,"column":63}},"13":{"start":{"line":39,"column":6},"end":{"line":39,"column":64}},"14":{"start":{"line":44,"column":6},"end":{"line":44,"column":34}}},"fnMap":{"0":{"name":"(anonymous_0)","decl":{"start":{"line":12,"column":4},"end":{"line":12,"column":5}},"loc":{"start":{"line":12,"column":25},"end":{"line":21,"column":5}},"line":12},"1":{"name":"(anonymous_1)","decl":{"start":{"line":15,"column":36},"end":{"line":15,"column":37}},"loc":{"start":{"line":15,"column":44},"end":{"line":15,"column":60}},"line":15},"2":{"name":"(anonymous_2)","decl":{"start":{"line":17,"column":36},"end":{"line":17,"column":37}},"loc":{"start":{"line":17,"column":44},"end":{"line":17,"column":59}},"line":17},"3":{"name":"(anonymous_3)","decl":{"start":{"line":24,"column":4},"end":{"line":24,"column":5}},"loc":{"start":{"line":24,"column":20},"end":{"line":26,"column":5}},"line":24},"4":{"name":"(anonymous_4)","decl":{"start":{"line":27,"column":4},"end":{"line":27,"column":5}},"loc":{"start":{"line":27,"column":30},"end":{"line":33,"column":5}},"line":27},"5":{"name":"(anonymous_5)","decl":{"start":{"line":34,"column":4},"end":{"line":34,"column":5}},"loc":{"start":{"line":34,"column":29},"end":{"line":36,"column":5}},"line":34},"6":{"name":"(anonymous_6)","decl":{"start":{"line":37,"column":4},"end":{"line":37,"column":5}},"loc":{"start":{"line":37,"column":26},"end":{"line":40,"column":5}},"line":37},"7":{"name":"(anonymous_7)","decl":{"start":{"line":38,"column":39},"end":{"line":38,"column":40}},"loc":{"start":{"line":38,"column":47},"end":{"line":38,"column":63}},"line":38},"8":{"name":"(anonymous_8)","decl":{"start":{"line":43,"column":4},"end":{"line":43,"column":5}},"loc":{"start":{"line":43,"column":23},"end":{"line":45,"column":5}},"line":43}},"branchMap":{"0":{"loc":{"start":{"line":13,"column":6},"end":{"line":20,"column":7}},"type":"switch","locations":[{"start":{"line":14,"column":8},"end":{"line":15,"column":61}},{"start":{"line":16,"column":8},"end":{"line":17,"column":60}},{"start":{"line":18,"column":8},"end":{"line":19,"column":28}}],"line":13},"1":{"loc":{"start":{"line":25,"column":20},"end":{"line":25,"column":67}},"type":"binary-expr","locations":[{"start":{"line":25,"column":20},"end":{"line":25,"column":61}},{"start":{"line":25,"column":65},"end":{"line":25,"column":67}}],"line":25}},"s":{"0":1,"1":3,"2":1,"3":1,"4":1,"5":1,"6":1,"7":1,"8":1,"9":1,"10":1,"11":1,"12":1,"13":1,"14":1},"f":{"0":3,"1":1,"2":1,"3":1,"4":1,"5":1,"6":1,"7":1,"8":1},"b":{"0":[1,1,1],"1":[1,1]},"_coverageSchema":"43e27e138ebf9cfc5966b082cf9a028302ed4184","hash":"d0ba92162045e13b708f6a0fcd996b0c04510f22"}}
,"/Users/nikitahlinsky/Desktop/my_projects/todo_list/todo-app/src/views/Home.vue": {"path":"/Users/nikitahlinsky/Desktop/my_projects/todo_list/todo-app/src/views/Home.vue","statementMap":{"0":{"start":{"line":19,"column":0},"end":{"line":19,"column":null}},"1":{"start":{"line":20,"column":0},"end":{"line":20,"column":null}},"2":{"start":{"line":21,"column":0},"end":{"line":21,"column":null}},"3":{"start":{"line":22,"column":0},"end":{"line":22,"column":null}},"4":{"start":{"line":35,"column":0},"end":{"line":35,"column":null}},"5":{"start":{"line":38,"column":0},"end":{"line":38,"column":null}},"6":{"start":{"line":41,"column":0},"end":{"line":41,"column":null}},"7":{"start":{"line":47,"column":0},"end":{"line":47,"column":null}}},"fnMap":{"0":{"name":"(anonymous_1)","decl":{"start":{"line":34,"column":0},"end":{"line":34,"column":null}},"loc":{"start":{"line":34,"column":0},"end":{"line":36,"column":null}}},"1":{"name":"(anonymous_2)","decl":{"start":{"line":37,"column":0},"end":{"line":37,"column":null}},"loc":{"start":{"line":37,"column":0},"end":{"line":39,"column":null}}},"2":{"name":"(anonymous_3)","decl":{"start":{"line":40,"column":0},"end":{"line":40,"column":null}},"loc":{"start":{"line":40,"column":0},"end":{"line":42,"column":null}}},"3":{"name":"(anonymous_4)","decl":{"start":{"line":46,"column":0},"end":{"line":46,"column":null}},"loc":{"start":{"line":46,"column":0},"end":{"line":48,"column":null}}}},"branchMap":{},"s":{"0":1,"1":1,"2":1,"3":1,"4":0,"5":0,"6":1,"7":0},"f":{"0":0,"1":0,"2":1,"3":0},"b":{}}
,"/Users/nikitahlinsky/Desktop/my_projects/todo_list/todo-app/tests/unit/Store/store-config.js": {"data":{"path":"/Users/nikitahlinsky/Desktop/my_projects/todo_list/todo-app/tests/unit/Store/store-config.js","statementMap":{},"fnMap":{},"branchMap":{},"s":{},"f":{},"b":{},"_coverageSchema":"43e27e138ebf9cfc5966b082cf9a028302ed4184","hash":"e8a473e9c4a927bee6f1a03450a282bc6b4ce17d"}}
}
