TN:
SF:src/components/TDFooter.vue
FN:28,(anonymous_1)
FN:42,(anonymous_2)
FN:45,(anonymous_3)
FNF:3
FNH:3
FNDA:5,(anonymous_1)
FNDA:5,(anonymous_2)
FNDA:1,(anonymous_3)
DA:23,2
DA:24,2
DA:29,5
DA:43,5
DA:46,1
LF:5
LH:5
BRF:0
BRH:0
end_of_record
TN:
SF:src/components/TDInput.vue
FN:15,(anonymous_1)
FN:22,(anonymous_2)
FNF:2
FNH:2
FNDA:5,(anonymous_1)
FNDA:1,(anonymous_2)
DA:11,2
DA:16,5
DA:23,1
DA:24,1
LF:4
LH:4
BRF:0
BRH:0
end_of_record
TN:
SF:src/store/index.js
FN:12,(anonymous_0)
FN:15,(anonymous_1)
FN:17,(anonymous_2)
FN:24,(anonymous_3)
FN:27,(anonymous_4)
FN:34,(anonymous_5)
FN:37,(anonymous_6)
FN:38,(anonymous_7)
FN:43,(anonymous_8)
FNF:9
FNH:9
FNDA:3,(anonymous_0)
FNDA:1,(anonymous_1)
FNDA:1,(anonymous_2)
FNDA:1,(anonymous_3)
FNDA:1,(anonymous_4)
FNDA:1,(anonymous_5)
FNDA:1,(anonymous_6)
FNDA:1,(anonymous_7)
FNDA:1,(anonymous_8)
DA:4,1
DA:13,3
DA:15,1
DA:17,1
DA:19,1
DA:25,1
DA:28,1
DA:32,1
DA:35,1
DA:38,1
DA:39,1
DA:44,1
LF:12
LH:12
BRDA:13,0,0,1
BRDA:13,0,1,1
BRDA:13,0,2,1
BRDA:25,1,0,1
BRDA:25,1,1,1
BRF:5
BRH:5
end_of_record
TN:
SF:src/views/Home.vue
FN:34,(anonymous_1)
FN:37,(anonymous_2)
FN:40,(anonymous_3)
FN:46,(anonymous_4)
FNF:4
FNH:1
FNDA:0,(anonymous_1)
FNDA:0,(anonymous_2)
FNDA:1,(anonymous_3)
FNDA:0,(anonymous_4)
DA:19,1
DA:20,1
DA:21,1
DA:22,1
DA:35,0
DA:38,0
DA:41,1
DA:47,0
LF:8
LH:5
BRF:0
BRH:0
end_of_record
TN:
SF:tests/unit/Store/store-config.js
FNF:0
FNH:0
LF:0
LH:0
BRF:0
BRH:0
end_of_record
